mode: set
github.com/scorpionknifes/gogrep/main.go:17.13,27.63 6 0
github.com/scorpionknifes/gogrep/main.go:51.2,51.16 1 0
github.com/scorpionknifes/gogrep/main.go:55.2,55.17 1 0
github.com/scorpionknifes/gogrep/main.go:27.63,28.26 1 0
github.com/scorpionknifes/gogrep/main.go:33.4,33.87 1 0
github.com/scorpionknifes/gogrep/main.go:37.4,37.25 1 0
github.com/scorpionknifes/gogrep/main.go:41.4,42.18 2 0
github.com/scorpionknifes/gogrep/main.go:46.4,47.14 2 0
github.com/scorpionknifes/gogrep/main.go:28.26,30.5 1 0
github.com/scorpionknifes/gogrep/main.go:33.87,35.5 1 0
github.com/scorpionknifes/gogrep/main.go:37.25,39.5 1 0
github.com/scorpionknifes/gogrep/main.go:42.18,44.5 1 0
github.com/scorpionknifes/gogrep/main.go:51.16,52.13 1 0
github.com/scorpionknifes/gogrep/main.go:59.29,63.22 3 0
github.com/scorpionknifes/gogrep/main.go:64.9,65.29 1 0
github.com/scorpionknifes/gogrep/main.go:71.3,71.34 1 0
github.com/scorpionknifes/gogrep/main.go:72.9,73.32 1 0
github.com/scorpionknifes/gogrep/main.go:74.10,78.16 4 0
github.com/scorpionknifes/gogrep/main.go:65.29,70.4 4 0
github.com/scorpionknifes/gogrep/main.go:83.35,85.16 2 0
github.com/scorpionknifes/gogrep/main.go:88.2,89.16 2 0
github.com/scorpionknifes/gogrep/main.go:92.2,93.27 2 0
github.com/scorpionknifes/gogrep/main.go:85.16,87.3 1 0
github.com/scorpionknifes/gogrep/main.go:89.16,91.3 1 0
github.com/scorpionknifes/gogrep/main.go:98.37,101.16 3 0
github.com/scorpionknifes/gogrep/main.go:104.2,104.36 1 0
github.com/scorpionknifes/gogrep/main.go:107.2,108.48 2 0
github.com/scorpionknifes/gogrep/main.go:111.2,111.24 1 0
github.com/scorpionknifes/gogrep/main.go:114.2,114.13 1 0
github.com/scorpionknifes/gogrep/main.go:101.16,103.3 1 0
github.com/scorpionknifes/gogrep/main.go:104.36,106.3 1 0
github.com/scorpionknifes/gogrep/main.go:108.48,110.3 1 0
github.com/scorpionknifes/gogrep/main.go:111.24,113.3 1 0
github.com/scorpionknifes/gogrep/queue.go:19.44,24.34 4 1
github.com/scorpionknifes/gogrep/queue.go:28.2,33.3 1 1
github.com/scorpionknifes/gogrep/queue.go:24.34,26.3 1 1
github.com/scorpionknifes/gogrep/queue.go:36.47,37.38 1 1
github.com/scorpionknifes/gogrep/queue.go:41.2,41.20 1 1
github.com/scorpionknifes/gogrep/queue.go:37.38,39.3 1 1
github.com/scorpionknifes/gogrep/queue.go:44.50,45.6 1 1
github.com/scorpionknifes/gogrep/queue.go:45.6,46.10 1 1
github.com/scorpionknifes/gogrep/queue.go:62.3,62.19 1 1
github.com/scorpionknifes/gogrep/queue.go:47.33,49.32 2 1
github.com/scorpionknifes/gogrep/queue.go:50.42,52.24 2 1
github.com/scorpionknifes/gogrep/queue.go:53.21,54.10 1 1
github.com/scorpionknifes/gogrep/queue.go:55.11,56.46 1 1
github.com/scorpionknifes/gogrep/queue.go:59.4,60.27 2 1
github.com/scorpionknifes/gogrep/queue.go:56.46,57.10 1 1
github.com/scorpionknifes/gogrep/queue.go:66.57,67.6 1 1
github.com/scorpionknifes/gogrep/queue.go:72.2,72.9 1 1
github.com/scorpionknifes/gogrep/queue.go:67.6,68.16 1 1
github.com/scorpionknifes/gogrep/queue.go:68.16,69.9 1 1
github.com/scorpionknifes/gogrep/queue.go:73.30,74.14 1 1
github.com/scorpionknifes/gogrep/queue.go:75.20,76.9 1 0
github.com/scorpionknifes/gogrep/worker.go:8.69,15.2 2 1
github.com/scorpionknifes/gogrep/worker.go:23.45,24.12 1 1
github.com/scorpionknifes/gogrep/worker.go:24.12,25.7 1 1
github.com/scorpionknifes/gogrep/worker.go:25.7,27.11 2 1
github.com/scorpionknifes/gogrep/worker.go:28.37,30.16 2 1
github.com/scorpionknifes/gogrep/worker.go:31.22,32.11 1 1
github.com/scorpionknifes/gogrep/find.go:29.103,31.16 2 1
github.com/scorpionknifes/gogrep/find.go:34.2,40.20 6 1
github.com/scorpionknifes/gogrep/find.go:31.16,33.3 1 0
github.com/scorpionknifes/gogrep/find.go:43.50,44.19 1 1
github.com/scorpionknifes/gogrep/find.go:47.2,56.29 5 1
github.com/scorpionknifes/gogrep/find.go:102.2,102.12 1 1
github.com/scorpionknifes/gogrep/find.go:44.19,46.3 1 1
github.com/scorpionknifes/gogrep/find.go:56.29,57.35 1 1
github.com/scorpionknifes/gogrep/find.go:60.3,60.65 1 1
github.com/scorpionknifes/gogrep/find.go:63.3,70.18 6 1
github.com/scorpionknifes/gogrep/find.go:89.3,90.39 2 1
github.com/scorpionknifes/gogrep/find.go:99.3,100.53 2 1
github.com/scorpionknifes/gogrep/find.go:57.35,59.4 1 0
github.com/scorpionknifes/gogrep/find.go:60.65,62.4 1 1
github.com/scorpionknifes/gogrep/find.go:70.18,76.31 3 1
github.com/scorpionknifes/gogrep/find.go:79.4,79.43 1 1
github.com/scorpionknifes/gogrep/find.go:76.31,78.5 1 1
github.com/scorpionknifes/gogrep/find.go:80.9,81.28 1 1
github.com/scorpionknifes/gogrep/find.go:81.28,84.5 2 0
github.com/scorpionknifes/gogrep/find.go:84.10,87.5 2 1
github.com/scorpionknifes/gogrep/find.go:90.39,94.31 3 1
github.com/scorpionknifes/gogrep/find.go:94.31,96.5 1 1
github.com/scorpionknifes/gogrep/find.go:105.78,107.18 2 1
github.com/scorpionknifes/gogrep/find.go:111.2,120.3 1 1
github.com/scorpionknifes/gogrep/find.go:107.18,109.3 1 0
github.com/scorpionknifes/gogrep/helper.go:8.55,12.16 3 0
github.com/scorpionknifes/gogrep/helper.go:16.2,18.25 2 0
github.com/scorpionknifes/gogrep/helper.go:12.16,14.3 1 0
github.com/scorpionknifes/gogrep/job.go:18.48,22.16 3 0
github.com/scorpionknifes/gogrep/job.go:22.16,24.3 1 0
github.com/scorpionknifes/gogrep/job_mock.go:11.48,13.2 1 1
